android/app/build/intermediates/manifest_merge_blame_file/debug/manifest-merger-blame-debug-report.txt
1<?xml version="1.0" encoding="utf-8"?>
2<manifest xmlns:android="http://schemas.android.com/apk/res/android"
3    package="com.tempproject"
4    android:versionCode="1"
5    android:versionName="1.0" >
6
7    <uses-sdk
8        android:minSdkVersion="21"
9        android:targetSdkVersion="33" />
10
11    <uses-permission android:name="android.permission.SYSTEM_ALERT_WINDOW" />
11-->src\debug\AndroidManifest.xml:5:5-77
11-->src\debug\AndroidManifest.xml:5:22-75
12    <uses-permission android:name="android.permission.INTERNET" />
12-->src\main\AndroidManifest.xml:3:5-67
12-->src\main\AndroidManifest.xml:3:22-64
13    <uses-permission android:name="android.permission.ACCESS_WIFI_STATE" />
13-->[com.facebook.flipper:flipper:0.125.0] AndroidManifest.xml:16:5-76
13-->[com.facebook.flipper:flipper:0.125.0] AndroidManifest.xml:16:22-73
14    <uses-permission android:name="android.permission.WAKE_LOCK" />
14-->[:react-native-firebase_auth] AndroidManifest.xml:8:5-68
14-->[:react-native-firebase_auth] AndroidManifest.xml:8:22-65
15    <uses-permission android:name="android.permission.ACCESS_NETWORK_STATE" />
15-->[:react-native-firebase_auth] AndroidManifest.xml:9:5-79
15-->[:react-native-firebase_auth] AndroidManifest.xml:9:22-76
16    <uses-permission android:name="android.permission.VIBRATE" />
16-->[:react-native-haptic-feedback] AndroidManifest.xml:7:5-66
16-->[:react-native-haptic-feedback] AndroidManifest.xml:7:22-63
17    <uses-permission android:name="android.permission.POST_NOTIFICATIONS" /> <!-- Required by older versions of Google Play services to create IID tokens -->
17-->[com.google.firebase:firebase-messaging:23.1.2] AndroidManifest.xml:25:5-77
17-->[com.google.firebase:firebase-messaging:23.1.2] AndroidManifest.xml:25:22-74
18    <uses-permission android:name="com.google.android.c2dm.permission.RECEIVE" />
18-->[com.google.firebase:firebase-messaging:23.1.2] AndroidManifest.xml:28:5-82
18-->[com.google.firebase:firebase-messaging:23.1.2] AndroidManifest.xml:28:22-79
19
20    <application
20-->src\main\AndroidManifest.xml:5:5-24:19
21        android:name="com.tempproject.MainApplication"
21-->src\main\AndroidManifest.xml:6:7-38
22        android:allowBackup="false"
22-->src\main\AndroidManifest.xml:10:7-34
23        android:appComponentFactory="androidx.core.app.CoreComponentFactory"
23-->[androidx.core:core:1.7.0] AndroidManifest.xml:24:18-86
24        android:debuggable="true"
25        android:icon="@mipmap/ic_launcher"
25-->src\main\AndroidManifest.xml:8:7-41
26        android:label="@string/app_name"
26-->src\main\AndroidManifest.xml:7:7-39
27        android:roundIcon="@mipmap/ic_launcher_round"
27-->src\main\AndroidManifest.xml:9:7-52
28        android:theme="@style/AppTheme"
28-->src\main\AndroidManifest.xml:11:7-38
29        android:usesCleartextTraffic="true" >
29-->src\debug\AndroidManifest.xml:8:9-44
30        <activity
30-->src\debug\AndroidManifest.xml:11:9-111
31            android:name="com.facebook.react.devsupport.DevSettingsActivity"
31-->src\debug\AndroidManifest.xml:11:19-83
32            android:exported="false" />
32-->src\debug\AndroidManifest.xml:11:84-108
33        <activity
33-->src\main\AndroidManifest.xml:12:7-23:18
34            android:name="com.tempproject.MainActivity"
34-->src\main\AndroidManifest.xml:13:9-37
35            android:configChanges="keyboard|keyboardHidden|orientation|screenLayout|screenSize|smallestScreenSize|uiMode"
35-->src\main\AndroidManifest.xml:15:9-118
36            android:exported="true"
36-->src\main\AndroidManifest.xml:18:9-32
37            android:label="@string/app_name"
37-->src\main\AndroidManifest.xml:14:9-41
38            android:launchMode="singleTask"
38-->src\main\AndroidManifest.xml:16:9-40
39            android:windowSoftInputMode="adjustResize" >
39-->src\main\AndroidManifest.xml:17:9-51
40            <intent-filter>
40-->src\main\AndroidManifest.xml:19:9-22:25
41                <action android:name="android.intent.action.MAIN" />
41-->src\main\AndroidManifest.xml:20:13-65
41-->src\main\AndroidManifest.xml:20:21-62
42
43                <category android:name="android.intent.category.LAUNCHER" />
43-->src\main\AndroidManifest.xml:21:13-73
43-->src\main\AndroidManifest.xml:21:23-70
44            </intent-filter>
45        </activity>
46
47        <service
47-->[:react-native-firebase_messaging] AndroidManifest.xml:12:9-14:40
48            android:name="io.invertase.firebase.messaging.ReactNativeFirebaseMessagingHeadlessService"
48-->[:react-native-firebase_messaging] AndroidManifest.xml:13:13-103
49            android:exported="false" />
49-->[:react-native-firebase_messaging] AndroidManifest.xml:14:13-37
50        <service
50-->[:react-native-firebase_messaging] AndroidManifest.xml:15:9-21:19
51            android:name="io.invertase.firebase.messaging.ReactNativeFirebaseMessagingService"
51-->[:react-native-firebase_messaging] AndroidManifest.xml:16:13-95
52            android:exported="false" >
52-->[:react-native-firebase_messaging] AndroidManifest.xml:17:13-37
53            <intent-filter>
53-->[:react-native-firebase_messaging] AndroidManifest.xml:18:13-20:29
54                <action android:name="com.google.firebase.MESSAGING_EVENT" />
54-->[:react-native-firebase_messaging] AndroidManifest.xml:19:17-78
54-->[:react-native-firebase_messaging] AndroidManifest.xml:19:25-75
55            </intent-filter>
56        </service>
57
58        <receiver
58-->[:react-native-firebase_messaging] AndroidManifest.xml:23:9-30:20
59            android:name="io.invertase.firebase.messaging.ReactNativeFirebaseMessagingReceiver"
59-->[:react-native-firebase_messaging] AndroidManifest.xml:24:13-96
60            android:exported="true"
60-->[:react-native-firebase_messaging] AndroidManifest.xml:25:13-36
61            android:permission="com.google.android.c2dm.permission.SEND" >
61-->[:react-native-firebase_messaging] AndroidManifest.xml:26:13-73
62            <intent-filter>
62-->[:react-native-firebase_messaging] AndroidManifest.xml:27:13-29:29
63                <action android:name="com.google.android.c2dm.intent.RECEIVE" />
63-->[:react-native-firebase_messaging] AndroidManifest.xml:28:17-81
63-->[:react-native-firebase_messaging] AndroidManifest.xml:28:25-78
64            </intent-filter>
65        </receiver>
66
67        <meta-data
67-->[:react-native-firebase_messaging] AndroidManifest.xml:32:9-34:36
68            android:name="firebase_messaging_auto_init_enabled"
68-->[:react-native-firebase_messaging] AndroidManifest.xml:33:13-64
69            android:value="true" />
69-->[:react-native-firebase_messaging] AndroidManifest.xml:34:13-33
70        <meta-data
70-->[:react-native-firebase_messaging] AndroidManifest.xml:35:9-37:32
71            android:name="com.google.firebase.messaging.default_notification_channel_id"
71-->[:react-native-firebase_messaging] AndroidManifest.xml:36:13-89
72            android:value="" />
72-->[:react-native-firebase_messaging] AndroidManifest.xml:37:13-29
73        <meta-data
73-->[:react-native-firebase_messaging] AndroidManifest.xml:38:9-40:47
74            android:name="com.google.firebase.messaging.default_notification_color"
74-->[:react-native-firebase_messaging] AndroidManifest.xml:39:13-84
75            android:resource="@color/white" />
75-->[:react-native-firebase_messaging] AndroidManifest.xml:40:13-44
76        <meta-data
76-->[:react-native-firebase_app] AndroidManifest.xml:9:9-11:36
77            android:name="app_data_collection_default_enabled"
77-->[:react-native-firebase_app] AndroidManifest.xml:10:13-63
78            android:value="true" />
78-->[:react-native-firebase_app] AndroidManifest.xml:11:13-33
79
80        <service
80-->[:react-native-firebase_app] AndroidManifest.xml:13:9-21:19
81            android:name="com.google.firebase.components.ComponentDiscoveryService"
81-->[:react-native-firebase_app] AndroidManifest.xml:14:13-84
82            android:directBootAware="true"
82-->[:react-native-firebase_app] AndroidManifest.xml:15:13-43
83            android:exported="false" >
83-->[:react-native-firebase_app] AndroidManifest.xml:16:13-37
84            <meta-data
84-->[:react-native-firebase_app] AndroidManifest.xml:18:13-20:85
85                android:name="com.google.firebase.components:io.invertase.firebase.app.ReactNativeFirebaseAppRegistrar"
85-->[:react-native-firebase_app] AndroidManifest.xml:19:17-120
86                android:value="com.google.firebase.components.ComponentRegistrar" />
86-->[:react-native-firebase_app] AndroidManifest.xml:20:17-82
87            <meta-data
87-->[com.google.firebase:firebase-functions:20.2.2] AndroidManifest.xml:17:13-19:85
88                android:name="com.google.firebase.components:com.google.firebase.functions.FunctionsRegistrar"
88-->[com.google.firebase:firebase-functions:20.2.2] AndroidManifest.xml:18:17-111
89                android:value="com.google.firebase.components.ComponentRegistrar" />
89-->[com.google.firebase:firebase-functions:20.2.2] AndroidManifest.xml:19:17-82
90            <meta-data
90-->[com.google.firebase:firebase-firestore:24.4.5] AndroidManifest.xml:19:13-21:85
91                android:name="com.google.firebase.components:com.google.firebase.firestore.FirestoreRegistrar"
91-->[com.google.firebase:firebase-firestore:24.4.5] AndroidManifest.xml:20:17-111
92                android:value="com.google.firebase.components.ComponentRegistrar" />
92-->[com.google.firebase:firebase-firestore:24.4.5] AndroidManifest.xml:21:17-82
93            <meta-data
93-->[com.google.firebase:firebase-auth:21.2.0] AndroidManifest.xml:69:13-71:85
94                android:name="com.google.firebase.components:com.google.firebase.auth.FirebaseAuthRegistrar"
94-->[com.google.firebase:firebase-auth:21.2.0] AndroidManifest.xml:70:17-109
95                android:value="com.google.firebase.components.ComponentRegistrar" />
95-->[com.google.firebase:firebase-auth:21.2.0] AndroidManifest.xml:71:17-82
96            <meta-data
96-->[com.google.firebase:firebase-messaging:23.1.2] AndroidManifest.xml:55:13-57:85
97                android:name="com.google.firebase.components:com.google.firebase.messaging.FirebaseMessagingRegistrar"
97-->[com.google.firebase:firebase-messaging:23.1.2] AndroidManifest.xml:56:17-119
98                android:value="com.google.firebase.components.ComponentRegistrar" />
98-->[com.google.firebase:firebase-messaging:23.1.2] AndroidManifest.xml:57:17-82
99            <meta-data
99-->[com.google.firebase:firebase-storage:20.1.0] AndroidManifest.xml:32:13-34:85
100                android:name="com.google.firebase.components:com.google.firebase.storage.StorageRegistrar"
100-->[com.google.firebase:firebase-storage:20.1.0] AndroidManifest.xml:33:17-107
101                android:value="com.google.firebase.components.ComponentRegistrar" />
101-->[com.google.firebase:firebase-storage:20.1.0] AndroidManifest.xml:34:17-82
102            <meta-data
102-->[com.google.firebase:firebase-iid:21.1.0] AndroidManifest.xml:32:13-34:85
103                android:name="com.google.firebase.components:com.google.firebase.iid.Registrar"
103-->[com.google.firebase:firebase-iid:21.1.0] AndroidManifest.xml:33:17-96
104                android:value="com.google.firebase.components.ComponentRegistrar" />
104-->[com.google.firebase:firebase-iid:21.1.0] AndroidManifest.xml:34:17-82
105            <meta-data
105-->[com.google.firebase:firebase-datatransport:18.1.7] AndroidManifest.xml:27:13-29:85
106                android:name="com.google.firebase.components:com.google.firebase.datatransport.TransportRegistrar"
106-->[com.google.firebase:firebase-datatransport:18.1.7] AndroidManifest.xml:28:17-115
107                android:value="com.google.firebase.components.ComponentRegistrar" />
107-->[com.google.firebase:firebase-datatransport:18.1.7] AndroidManifest.xml:29:17-82
108            <meta-data
108-->[com.google.firebase:firebase-installations:17.1.3] AndroidManifest.xml:17:13-19:85
109                android:name="com.google.firebase.components:com.google.firebase.installations.FirebaseInstallationsRegistrar"
109-->[com.google.firebase:firebase-installations:17.1.3] AndroidManifest.xml:18:17-127
110                android:value="com.google.firebase.components.ComponentRegistrar" />
110-->[com.google.firebase:firebase-installations:17.1.3] AndroidManifest.xml:19:17-82
111        </service>
112
113        <provider
113-->[:react-native-firebase_app] AndroidManifest.xml:23:9-27:38
114            android:name="io.invertase.firebase.app.ReactNativeFirebaseAppInitProvider"
114-->[:react-native-firebase_app] AndroidManifest.xml:24:13-88
115            android:authorities="com.tempproject.reactnativefirebaseappinitprovider"
115-->[:react-native-firebase_app] AndroidManifest.xml:25:13-86
116            android:exported="false"
116-->[:react-native-firebase_app] AndroidManifest.xml:26:13-37
117            android:initOrder="99" />
117-->[:react-native-firebase_app] AndroidManifest.xml:27:13-35
118        <provider
118-->[:react-native-image-picker] AndroidManifest.xml:8:9-16:20
119            android:name="com.imagepicker.ImagePickerProvider"
119-->[:react-native-image-picker] AndroidManifest.xml:9:13-63
120            android:authorities="com.tempproject.imagepickerprovider"
120-->[:react-native-image-picker] AndroidManifest.xml:10:13-71
121            android:exported="false"
121-->[:react-native-image-picker] AndroidManifest.xml:11:13-37
122            android:grantUriPermissions="true" >
122-->[:react-native-image-picker] AndroidManifest.xml:12:13-47
123            <meta-data
123-->[:react-native-image-picker] AndroidManifest.xml:13:13-15:70
124                android:name="android.support.FILE_PROVIDER_PATHS"
124-->[:react-native-image-picker] AndroidManifest.xml:14:17-67
125                android:resource="@xml/imagepicker_provider_paths" />
125-->[:react-native-image-picker] AndroidManifest.xml:15:17-67
126        </provider>
127
128        <activity
128-->[com.google.firebase:firebase-auth:21.2.0] AndroidManifest.xml:29:9-46:20
129            android:name="com.google.firebase.auth.internal.GenericIdpActivity"
129-->[com.google.firebase:firebase-auth:21.2.0] AndroidManifest.xml:30:13-80
130            android:excludeFromRecents="true"
130-->[com.google.firebase:firebase-auth:21.2.0] AndroidManifest.xml:31:13-46
131            android:exported="true"
131-->[com.google.firebase:firebase-auth:21.2.0] AndroidManifest.xml:32:13-36
132            android:launchMode="singleTask"
132-->[com.google.firebase:firebase-auth:21.2.0] AndroidManifest.xml:33:13-44
133            android:theme="@android:style/Theme.Translucent.NoTitleBar" >
133-->[com.google.firebase:firebase-auth:21.2.0] AndroidManifest.xml:34:13-72
134            <intent-filter>
134-->[com.google.firebase:firebase-auth:21.2.0] AndroidManifest.xml:35:13-45:29
135                <action android:name="android.intent.action.VIEW" />
135-->[com.google.firebase:firebase-auth:21.2.0] AndroidManifest.xml:36:17-69
135-->[com.google.firebase:firebase-auth:21.2.0] AndroidManifest.xml:36:25-66
136
137                <category android:name="android.intent.category.DEFAULT" />
137-->[com.google.firebase:firebase-auth:21.2.0] AndroidManifest.xml:38:17-76
137-->[com.google.firebase:firebase-auth:21.2.0] AndroidManifest.xml:38:27-73
138                <category android:name="android.intent.category.BROWSABLE" />
138-->[com.google.firebase:firebase-auth:21.2.0] AndroidManifest.xml:39:17-78
138-->[com.google.firebase:firebase-auth:21.2.0] AndroidManifest.xml:39:27-75
139
140                <data
140-->[com.google.firebase:firebase-auth:21.2.0] AndroidManifest.xml:41:17-44:51
141                    android:host="firebase.auth"
141-->[com.google.firebase:firebase-auth:21.2.0] AndroidManifest.xml:42:21-49
142                    android:path="/"
142-->[com.google.firebase:firebase-auth:21.2.0] AndroidManifest.xml:43:21-37
143                    android:scheme="genericidp" />
143-->[com.google.firebase:firebase-auth:21.2.0] AndroidManifest.xml:44:21-48
144            </intent-filter>
145        </activity>
146        <activity
146-->[com.google.firebase:firebase-auth:21.2.0] AndroidManifest.xml:47:9-64:20
147            android:name="com.google.firebase.auth.internal.RecaptchaActivity"
147-->[com.google.firebase:firebase-auth:21.2.0] AndroidManifest.xml:48:13-79
148            android:excludeFromRecents="true"
148-->[com.google.firebase:firebase-auth:21.2.0] AndroidManifest.xml:49:13-46
149            android:exported="true"
149-->[com.google.firebase:firebase-auth:21.2.0] AndroidManifest.xml:50:13-36
150            android:launchMode="singleTask"
150-->[com.google.firebase:firebase-auth:21.2.0] AndroidManifest.xml:51:13-44
151            android:theme="@android:style/Theme.Translucent.NoTitleBar" >
151-->[com.google.firebase:firebase-auth:21.2.0] AndroidManifest.xml:52:13-72
152            <intent-filter>
152-->[com.google.firebase:firebase-auth:21.2.0] AndroidManifest.xml:53:13-63:29
153                <action android:name="android.intent.action.VIEW" />
153-->[com.google.firebase:firebase-auth:21.2.0] AndroidManifest.xml:36:17-69
153-->[com.google.firebase:firebase-auth:21.2.0] AndroidManifest.xml:36:25-66
154
155                <category android:name="android.intent.category.DEFAULT" />
155-->[com.google.firebase:firebase-auth:21.2.0] AndroidManifest.xml:38:17-76
155-->[com.google.firebase:firebase-auth:21.2.0] AndroidManifest.xml:38:27-73
156                <category android:name="android.intent.category.BROWSABLE" />
156-->[com.google.firebase:firebase-auth:21.2.0] AndroidManifest.xml:39:17-78
156-->[com.google.firebase:firebase-auth:21.2.0] AndroidManifest.xml:39:27-75
157
158                <data
158-->[com.google.firebase:firebase-auth:21.2.0] AndroidManifest.xml:41:17-44:51
159                    android:host="firebase.auth"
159-->[com.google.firebase:firebase-auth:21.2.0] AndroidManifest.xml:42:21-49
160                    android:path="/"
160-->[com.google.firebase:firebase-auth:21.2.0] AndroidManifest.xml:43:21-37
161                    android:scheme="recaptcha" />
161-->[com.google.firebase:firebase-auth:21.2.0] AndroidManifest.xml:44:21-48
162            </intent-filter>
163        </activity>
164        <activity
164-->[com.google.android.gms:play-services-auth:20.3.0] AndroidManifest.xml:23:9-27:75
165            android:name="com.google.android.gms.auth.api.signin.internal.SignInHubActivity"
165-->[com.google.android.gms:play-services-auth:20.3.0] AndroidManifest.xml:24:13-93
166            android:excludeFromRecents="true"
166-->[com.google.android.gms:play-services-auth:20.3.0] AndroidManifest.xml:25:13-46
167            android:exported="false"
167-->[com.google.android.gms:play-services-auth:20.3.0] AndroidManifest.xml:26:13-37
168            android:theme="@android:style/Theme.Translucent.NoTitleBar" />
168-->[com.google.android.gms:play-services-auth:20.3.0] AndroidManifest.xml:27:13-72
169        <!--
170            Service handling Google Sign-In user revocation. For apps that do not integrate with
171            Google Sign-In, this service will never be started.
172        -->
173        <service
173-->[com.google.android.gms:play-services-auth:20.3.0] AndroidManifest.xml:33:9-37:51
174            android:name="com.google.android.gms.auth.api.signin.RevocationBoundService"
174-->[com.google.android.gms:play-services-auth:20.3.0] AndroidManifest.xml:34:13-89
175            android:exported="true"
175-->[com.google.android.gms:play-services-auth:20.3.0] AndroidManifest.xml:35:13-36
176            android:permission="com.google.android.gms.auth.api.signin.permission.REVOCATION_NOTIFICATION"
176-->[com.google.android.gms:play-services-auth:20.3.0] AndroidManifest.xml:36:13-107
177            android:visibleToInstantApps="true" />
177-->[com.google.android.gms:play-services-auth:20.3.0] AndroidManifest.xml:37:13-48
178
179        <receiver
179-->[com.google.firebase:firebase-messaging:23.1.2] AndroidManifest.xml:31:9-38:20
180            android:name="com.google.firebase.iid.FirebaseInstanceIdReceiver"
180-->[com.google.firebase:firebase-messaging:23.1.2] AndroidManifest.xml:32:13-78
181            android:exported="true"
181-->[com.google.firebase:firebase-messaging:23.1.2] AndroidManifest.xml:33:13-36
182            android:permission="com.google.android.c2dm.permission.SEND" >
182-->[com.google.firebase:firebase-messaging:23.1.2] AndroidManifest.xml:34:13-73
183            <intent-filter>
183-->[:react-native-firebase_messaging] AndroidManifest.xml:27:13-29:29
184                <action android:name="com.google.android.c2dm.intent.RECEIVE" />
184-->[:react-native-firebase_messaging] AndroidManifest.xml:28:17-81
184-->[:react-native-firebase_messaging] AndroidManifest.xml:28:25-78
185            </intent-filter>
186        </receiver>
187        <!--
188             FirebaseMessagingService performs security checks at runtime,
189             but set to not exported to explicitly avoid allowing another app to call it.
190        -->
191        <service
191-->[com.google.firebase:firebase-messaging:23.1.2] AndroidManifest.xml:44:9-51:19
192            android:name="com.google.firebase.messaging.FirebaseMessagingService"
192-->[com.google.firebase:firebase-messaging:23.1.2] AndroidManifest.xml:45:13-82
193            android:directBootAware="true"
193-->[com.google.firebase:firebase-messaging:23.1.2] AndroidManifest.xml:46:13-43
194            android:exported="false" >
194-->[com.google.firebase:firebase-messaging:23.1.2] AndroidManifest.xml:47:13-37
195            <intent-filter android:priority="-500" >
195-->[:react-native-firebase_messaging] AndroidManifest.xml:18:13-20:29
196                <action android:name="com.google.firebase.MESSAGING_EVENT" />
196-->[:react-native-firebase_messaging] AndroidManifest.xml:19:17-78
196-->[:react-native-firebase_messaging] AndroidManifest.xml:19:25-75
197            </intent-filter>
198        </service>
199
200        <provider
200-->[com.google.firebase:firebase-common:20.3.2] AndroidManifest.xml:25:9-30:39
201            android:name="com.google.firebase.provider.FirebaseInitProvider"
201-->[com.google.firebase:firebase-common:20.3.2] AndroidManifest.xml:26:13-77
202            android:authorities="com.tempproject.firebaseinitprovider"
202-->[com.google.firebase:firebase-common:20.3.2] AndroidManifest.xml:27:13-72
203            android:directBootAware="true"
203-->[com.google.firebase:firebase-common:20.3.2] AndroidManifest.xml:28:13-43
204            android:exported="false"
204-->[com.google.firebase:firebase-common:20.3.2] AndroidManifest.xml:29:13-37
205            android:initOrder="100" />
205-->[com.google.firebase:firebase-common:20.3.2] AndroidManifest.xml:30:13-36
206
207        <activity
207-->[com.google.android.gms:play-services-base:18.1.0] AndroidManifest.xml:20:9-22:45
208            android:name="com.google.android.gms.common.api.GoogleApiActivity"
208-->[com.google.android.gms:play-services-base:18.1.0] AndroidManifest.xml:20:19-85
209            android:exported="false"
209-->[com.google.android.gms:play-services-base:18.1.0] AndroidManifest.xml:22:19-43
210            android:theme="@android:style/Theme.Translucent.NoTitleBar" />
210-->[com.google.android.gms:play-services-base:18.1.0] AndroidManifest.xml:21:19-78
211
212        <meta-data
212-->[com.google.android.gms:play-services-basement:18.1.0] AndroidManifest.xml:21:9-23:69
213            android:name="com.google.android.gms.version"
213-->[com.google.android.gms:play-services-basement:18.1.0] AndroidManifest.xml:22:13-58
214            android:value="@integer/google_play_services_version" />
214-->[com.google.android.gms:play-services-basement:18.1.0] AndroidManifest.xml:23:13-66
215
216        <provider
216-->[androidx.emoji2:emoji2:1.0.0] AndroidManifest.xml:26:9-34:20
217            android:name="androidx.startup.InitializationProvider"
217-->[androidx.emoji2:emoji2:1.0.0] AndroidManifest.xml:27:13-67
218            android:authorities="com.tempproject.androidx-startup"
218-->[androidx.emoji2:emoji2:1.0.0] AndroidManifest.xml:28:13-68
219            android:exported="false" >
219-->[androidx.emoji2:emoji2:1.0.0] AndroidManifest.xml:29:13-37
220            <meta-data
220-->[androidx.emoji2:emoji2:1.0.0] AndroidManifest.xml:31:13-33:52
221                android:name="androidx.emoji2.text.EmojiCompatInitializer"
221-->[androidx.emoji2:emoji2:1.0.0] AndroidManifest.xml:32:17-75
222                android:value="androidx.startup" />
222-->[androidx.emoji2:emoji2:1.0.0] AndroidManifest.xml:33:17-49
223            <meta-data
223-->[androidx.lifecycle:lifecycle-process:2.4.0] AndroidManifest.xml:31:13-33:52
224                android:name="androidx.lifecycle.ProcessLifecycleInitializer"
224-->[androidx.lifecycle:lifecycle-process:2.4.0] AndroidManifest.xml:32:17-78
225                android:value="androidx.startup" />
225-->[androidx.lifecycle:lifecycle-process:2.4.0] AndroidManifest.xml:33:17-49
226        </provider>
227
228        <service
228-->[com.google.android.datatransport:transport-backend-cct:3.1.8] AndroidManifest.xml:28:9-34:19
229            android:name="com.google.android.datatransport.runtime.backends.TransportBackendDiscovery"
229-->[com.google.android.datatransport:transport-backend-cct:3.1.8] AndroidManifest.xml:29:13-103
230            android:exported="false" >
230-->[com.google.android.datatransport:transport-backend-cct:3.1.8] AndroidManifest.xml:30:13-37
231            <meta-data
231-->[com.google.android.datatransport:transport-backend-cct:3.1.8] AndroidManifest.xml:31:13-33:39
232                android:name="backend:com.google.android.datatransport.cct.CctBackendFactory"
232-->[com.google.android.datatransport:transport-backend-cct:3.1.8] AndroidManifest.xml:32:17-94
233                android:value="cct" />
233-->[com.google.android.datatransport:transport-backend-cct:3.1.8] AndroidManifest.xml:33:17-36
234        </service>
235        <service
235-->[com.google.android.datatransport:transport-runtime:3.1.8] AndroidManifest.xml:26:9-30:19
236            android:name="com.google.android.datatransport.runtime.scheduling.jobscheduling.JobInfoSchedulerService"
236-->[com.google.android.datatransport:transport-runtime:3.1.8] AndroidManifest.xml:27:13-117
237            android:exported="false"
237-->[com.google.android.datatransport:transport-runtime:3.1.8] AndroidManifest.xml:28:13-37
238            android:permission="android.permission.BIND_JOB_SERVICE" >
238-->[com.google.android.datatransport:transport-runtime:3.1.8] AndroidManifest.xml:29:13-69
239        </service>
240
241        <receiver
241-->[com.google.android.datatransport:transport-runtime:3.1.8] AndroidManifest.xml:32:9-34:40
242            android:name="com.google.android.datatransport.runtime.scheduling.jobscheduling.AlarmManagerSchedulerBroadcastReceiver"
242-->[com.google.android.datatransport:transport-runtime:3.1.8] AndroidManifest.xml:33:13-132
243            android:exported="false" />
243-->[com.google.android.datatransport:transport-runtime:3.1.8] AndroidManifest.xml:34:13-37
244
245        <meta-data
245-->[com.facebook.soloader:soloader:0.10.5] AndroidManifest.xml:12:9-14:37
246            android:name="com.facebook.soloader.enabled"
246-->[com.facebook.soloader:soloader:0.10.5] AndroidManifest.xml:13:13-57
247            android:value="false" />
247-->[com.facebook.soloader:soloader:0.10.5] AndroidManifest.xml:14:13-34
248    </application>
249
250</manifest>